# JRE version: Java(TM) SE Runtime Environment (8.0_121-b13) (build 1.8.0_121-b13)
# Java VM: Java HotSpot(TM) 64-Bit Server VM (25.121-b13 mixed mode windows-amd64 compressed oops)
Heap:
 PSYoungGen      total 135680K, used 28290K [0x00000000eb100000, 0x00000000f5d80000, 0x0000000100000000)
  eden space 123392K, 16% used [0x00000000eb100000,0x00000000ec4bce38,0x00000000f2980000)
  from space 12288K, 65% used [0x00000000f2980000,0x00000000f3163c60,0x00000000f3580000)
  to   space 12288K, 0% used [0x00000000f5180000,0x00000000f5180000,0x00000000f5d80000)
 ParOldGen       total 51712K, used 19536K [0x00000000c1200000, 0x00000000c4480000, 0x00000000eb100000)
  object space 51712K, 37% used [0x00000000c1200000,0x00000000c2514270,0x00000000c4480000)
 Metaspace       used 48879K, capacity 51066K, committed 51328K, reserved 1093632K
  class space    used 6573K, capacity 6978K, committed 7040K, reserved 1048576K
GC Heap History (10 events):
Event: 5.593 GC heap before
{Heap before GC invocations=11 (full 1):
 PSYoungGen      total 72192K, used 71149K [0x00000000eb100000, 0x00000000f1a00000, 0x0000000100000000)
  eden space 65536K, 100% used [0x00000000eb100000,0x00000000ef100000,0x00000000ef100000)
  from space 6656K, 84% used [0x00000000ef100000,0x00000000ef67b568,0x00000000ef780000)
  to   space 7168K, 0% used [0x00000000f1300000,0x00000000f1300000,0x00000000f1a00000)
 ParOldGen       total 28672K, used 5057K [0x00000000c1200000, 0x00000000c2e00000, 0x00000000eb100000)
  object space 28672K, 17% used [0x00000000c1200000,0x00000000c16f04f0,0x00000000c2e00000)
 Metaspace       used 28040K, capacity 29060K, committed 29312K, reserved 1075200K
  class space    used 3659K, capacity 3879K, committed 3968K, reserved 1048576K
Event: 5.606 GC heap after
Heap after GC invocations=11 (full 1):
 PSYoungGen      total 98816K, used 7159K [0x00000000eb100000, 0x00000000f1a80000, 0x0000000100000000)
  eden space 91648K, 0% used [0x00000000eb100000,0x00000000eb100000,0x00000000f0a80000)
  from space 7168K, 99% used [0x00000000f1300000,0x00000000f19fdc48,0x00000000f1a00000)
  to   space 8192K, 0% used [0x00000000f0a80000,0x00000000f0a80000,0x00000000f1280000)
 ParOldGen       total 28672K, used 5526K [0x00000000c1200000, 0x00000000c2e00000, 0x00000000eb100000)
  object space 28672K, 19% used [0x00000000c1200000,0x00000000c1765bb0,0x00000000c2e00000)
 Metaspace       used 28040K, capacity 29060K, committed 29312K, reserved 1075200K
  class space    used 3659K, capacity 3879K, committed 3968K, reserved 1048576K
}
Event: 7.522 GC heap before
{Heap before GC invocations=12 (full 1):
 PSYoungGen      total 98816K, used 98807K [0x00000000eb100000, 0x00000000f1a80000, 0x0000000100000000)
  eden space 91648K, 100% used [0x00000000eb100000,0x00000000f0a80000,0x00000000f0a80000)
  from space 7168K, 99% used [0x00000000f1300000,0x00000000f19fdc48,0x00000000f1a00000)
  to   space 8192K, 0% used [0x00000000f0a80000,0x00000000f0a80000,0x00000000f1280000)
 ParOldGen       total 28672K, used 5526K [0x00000000c1200000, 0x00000000c2e00000, 0x00000000eb100000)
  object space 28672K, 19% used [0x00000000c1200000,0x00000000c1765bb0,0x00000000c2e00000)
 Metaspace       used 34107K, capacity 35368K, committed 35416K, reserved 1081344K
  class space    used 4347K, capacity 4605K, committed 4608K, reserved 1048576K
Event: 7.543 GC heap after
Heap after GC invocations=12 (full 1):
 PSYoungGen      total 99840K, used 8188K [0x00000000eb100000, 0x00000000f4180000, 0x0000000100000000)
  eden space 91648K, 0% used [0x00000000eb100000,0x00000000eb100000,0x00000000f0a80000)
  from space 8192K, 99% used [0x00000000f0a80000,0x00000000f127f008,0x00000000f1280000)
  to   space 10752K, 0% used [0x00000000f3700000,0x00000000f3700000,0x00000000f4180000)
 ParOldGen       total 28672K, used 10124K [0x00000000c1200000, 0x00000000c2e00000, 0x00000000eb100000)
  object space 28672K, 35% used [0x00000000c1200000,0x00000000c1be30b0,0x00000000c2e00000)
 Metaspace       used 34107K, capacity 35368K, committed 35416K, reserved 1081344K
  class space    used 4347K, capacity 4605K, committed 4608K, reserved 1048576K
}
Event: 7.543 GC heap before
{Heap before GC invocations=13 (full 2):
 PSYoungGen      total 99840K, used 8188K [0x00000000eb100000, 0x00000000f4180000, 0x0000000100000000)
  eden space 91648K, 0% used [0x00000000eb100000,0x00000000eb100000,0x00000000f0a80000)
  from space 8192K, 99% used [0x00000000f0a80000,0x00000000f127f008,0x00000000f1280000)
  to   space 10752K, 0% used [0x00000000f3700000,0x00000000f3700000,0x00000000f4180000)
 ParOldGen       total 28672K, used 10124K [0x00000000c1200000, 0x00000000c2e00000, 0x00000000eb100000)
  object space 28672K, 35% used [0x00000000c1200000,0x00000000c1be30b0,0x00000000c2e00000)
 Metaspace       used 34107K, capacity 35368K, committed 35416K, reserved 1081344K
  class space    used 4347K, capacity 4605K, committed 4608K, reserved 1048576K
Event: 7.655 GC heap after
Heap after GC invocations=13 (full 2):
 PSYoungGen      total 99840K, used 0K [0x00000000eb100000, 0x00000000f4180000, 0x0000000100000000)
  eden space 91648K, 0% used [0x00000000eb100000,0x00000000eb100000,0x00000000f0a80000)
  from space 8192K, 0% used [0x00000000f0a80000,0x00000000f0a80000,0x00000000f1280000)
  to   space 10752K, 0% used [0x00000000f3700000,0x00000000f3700000,0x00000000f4180000)
 ParOldGen       total 51712K, used 16784K [0x00000000c1200000, 0x00000000c4480000, 0x00000000eb100000)
  object space 51712K, 32% used [0x00000000c1200000,0x00000000c2264240,0x00000000c4480000)
 Metaspace       used 34107K, capacity 35368K, committed 35416K, reserved 1081344K
  class space    used 4347K, capacity 4605K, committed 4608K, reserved 1048576K
}
Event: 10.400 GC heap before
{Heap before GC invocations=14 (full 2):
 PSYoungGen      total 99840K, used 91648K [0x00000000eb100000, 0x00000000f4180000, 0x0000000100000000)
  eden space 91648K, 100% used [0x00000000eb100000,0x00000000f0a80000,0x00000000f0a80000)
  from space 8192K, 0% used [0x00000000f0a80000,0x00000000f0a80000,0x00000000f1280000)
  to   space 10752K, 0% used [0x00000000f3700000,0x00000000f3700000,0x00000000f4180000)
 ParOldGen       total 51712K, used 16784K [0x00000000c1200000, 0x00000000c4480000, 0x00000000eb100000)
  object space 51712K, 32% used [0x00000000c1200000,0x00000000c2264240,0x00000000c4480000)
 Metaspace       used 43404K, capacity 44744K, committed 45056K, reserved 1087488K
  class space    used 5822K, capacity 6121K, committed 6144K, reserved 1048576K
Event: 10.414 GC heap after
Heap after GC invocations=14 (full 2):
 PSYoungGen      total 129024K, used 10570K [0x00000000eb100000, 0x00000000f4180000, 0x0000000100000000)
  eden space 118272K, 0% used [0x00000000eb100000,0x00000000eb100000,0x00000000f2480000)
  from space 10752K, 98% used [0x00000000f3700000,0x00000000f4152a68,0x00000000f4180000)
  to   space 12288K, 0% used [0x00000000f2980000,0x00000000f2980000,0x00000000f3580000)
 ParOldGen       total 51712K, used 16792K [0x00000000c1200000, 0x00000000c4480000, 0x00000000eb100000)
  object space 51712K, 32% used [0x00000000c1200000,0x00000000c2266240,0x00000000c4480000)
 Metaspace       used 43404K, capacity 44744K, committed 45056K, reserved 1087488K
  class space    used 5822K, capacity 6121K, committed 6144K, reserved 1048576K
}
Event: 12.478 GC heap before
{Heap before GC invocations=15 (full 2):
 PSYoungGen      total 129024K, used 128842K [0x00000000eb100000, 0x00000000f4180000, 0x0000000100000000)
  eden space 118272K, 100% used [0x00000000eb100000,0x00000000f2480000,0x00000000f2480000)
  from space 10752K, 98% used [0x00000000f3700000,0x00000000f4152a68,0x00000000f4180000)
  to   space 12288K, 0% used [0x00000000f2980000,0x00000000f2980000,0x00000000f3580000)
 ParOldGen       total 51712K, used 16792K [0x00000000c1200000, 0x00000000c4480000, 0x00000000eb100000)
  object space 51712K, 32% used [0x00000000c1200000,0x00000000c2266240,0x00000000c4480000)
 Metaspace       used 48190K, capacity 50358K, committed 50688K, reserved 1093632K
  class space    used 6486K, capacity 6864K, committed 6912K, reserved 1048576K
Event: 12.512 GC heap after
Heap after GC invocations=15 (full 2):
 PSYoungGen      total 135680K, used 8079K [0x00000000eb100000, 0x00000000f5d80000, 0x0000000100000000)
  eden space 123392K, 0% used [0x00000000eb100000,0x00000000eb100000,0x00000000f2980000)
  from space 12288K, 65% used [0x00000000f2980000,0x00000000f3163c60,0x00000000f3580000)
  to   space 12288K, 0% used [0x00000000f5180000,0x00000000f5180000,0x00000000f5d80000)
 ParOldGen       total 51712K, used 19536K [0x00000000c1200000, 0x00000000c4480000, 0x00000000eb100000)
  object space 51712K, 37% used [0x00000000c1200000,0x00000000c2514270,0x00000000c4480000)
 Metaspace       used 48190K, capacity 50358K, committed 50688K, reserved 1093632K
  class space    used 6486K, capacity 6864K, committed 6912K, reserved 1048576K
}

