# JRE version: Java(TM) SE Runtime Environment (8.0_121-b13) (build 1.8.0_121-b13)
# Java VM: Java HotSpot(TM) 64-Bit Server VM (25.121-b13 mixed mode windows-amd64 compressed oops)
Heap:
 PSYoungGen      total 155136K, used 96438K [0x00000000eb100000, 0x00000000f6f00000, 0x0000000100000000)
  eden space 145920K, 66% used [0x00000000eb100000,0x00000000f0f2d9d0,0x00000000f3f80000)
  from space 9216K, 0% used [0x00000000f4a80000,0x00000000f4a80000,0x00000000f5380000)
  to   space 11264K, 0% used [0x00000000f3f80000,0x00000000f3f80000,0x00000000f4a80000)
 ParOldGen       total 50688K, used 16376K [0x00000000c1200000, 0x00000000c4380000, 0x00000000eb100000)
  object space 50688K, 32% used [0x00000000c1200000,0x00000000c21fe328,0x00000000c4380000)
 Metaspace       used 43573K, capacity 44994K, committed 45184K, reserved 1087488K
  class space    used 5840K, capacity 6158K, committed 6272K, reserved 1048576K
GC Heap History (10 events):
Event: 2.937 GC heap before
{Heap before GC invocations=8 (full 1):
 PSYoungGen      total 71168K, used 3168K [0x00000000eb100000, 0x00000000f3c00000, 0x0000000100000000)
  eden space 64000K, 0% used [0x00000000eb100000,0x00000000eb100000,0x00000000eef80000)
  from space 7168K, 44% used [0x00000000eef80000,0x00000000ef2982d8,0x00000000ef680000)
  to   space 7168K, 0% used [0x00000000f3500000,0x00000000f3500000,0x00000000f3c00000)
 ParOldGen       total 44032K, used 8586K [0x00000000c1200000, 0x00000000c3d00000, 0x00000000eb100000)
  object space 44032K, 19% used [0x00000000c1200000,0x00000000c1a62ae8,0x00000000c3d00000)
 Metaspace       used 20593K, capacity 21200K, committed 21248K, reserved 1067008K
  class space    used 2649K, capacity 2809K, committed 2816K, reserved 1048576K
Event: 2.984 GC heap after
Heap after GC invocations=8 (full 1):
 PSYoungGen      total 71168K, used 0K [0x00000000eb100000, 0x00000000f3c00000, 0x0000000100000000)
  eden space 64000K, 0% used [0x00000000eb100000,0x00000000eb100000,0x00000000eef80000)
  from space 7168K, 0% used [0x00000000eef80000,0x00000000eef80000,0x00000000ef680000)
  to   space 7168K, 0% used [0x00000000f3500000,0x00000000f3500000,0x00000000f3c00000)
 ParOldGen       total 29184K, used 5262K [0x00000000c1200000, 0x00000000c2e80000, 0x00000000eb100000)
  object space 29184K, 18% used [0x00000000c1200000,0x00000000c1723a08,0x00000000c2e80000)
 Metaspace       used 20593K, capacity 21200K, committed 21248K, reserved 1067008K
  class space    used 2649K, capacity 2809K, committed 2816K, reserved 1048576K
}
Event: 3.743 GC heap before
{Heap before GC invocations=9 (full 1):
 PSYoungGen      total 71168K, used 64000K [0x00000000eb100000, 0x00000000f3c00000, 0x0000000100000000)
  eden space 64000K, 100% used [0x00000000eb100000,0x00000000eef80000,0x00000000eef80000)
  from space 7168K, 0% used [0x00000000eef80000,0x00000000eef80000,0x00000000ef680000)
  to   space 7168K, 0% used [0x00000000f3500000,0x00000000f3500000,0x00000000f3c00000)
 ParOldGen       total 29184K, used 5262K [0x00000000c1200000, 0x00000000c2e80000, 0x00000000eb100000)
  object space 29184K, 18% used [0x00000000c1200000,0x00000000c1723a08,0x00000000c2e80000)
 Metaspace       used 24996K, capacity 25762K, committed 25984K, reserved 1071104K
  class space    used 3214K, capacity 3392K, committed 3456K, reserved 1048576K
Event: 3.751 GC heap after
Heap after GC invocations=9 (full 1):
 PSYoungGen      total 113152K, used 5512K [0x00000000eb100000, 0x00000000f3a80000, 0x0000000100000000)
  eden space 107520K, 0% used [0x00000000eb100000,0x00000000eb100000,0x00000000f1a00000)
  from space 5632K, 97% used [0x00000000f3500000,0x00000000f3a620a8,0x00000000f3a80000)
  to   space 7168K, 0% used [0x00000000f2c80000,0x00000000f2c80000,0x00000000f3380000)
 ParOldGen       total 29184K, used 5334K [0x00000000c1200000, 0x00000000c2e80000, 0x00000000eb100000)
  object space 29184K, 18% used [0x00000000c1200000,0x00000000c1735a18,0x00000000c2e80000)
 Metaspace       used 24996K, capacity 25762K, committed 25984K, reserved 1071104K
  class space    used 3214K, capacity 3392K, committed 3456K, reserved 1048576K
}
Event: 5.510 GC heap before
{Heap before GC invocations=10 (full 1):
 PSYoungGen      total 113152K, used 113032K [0x00000000eb100000, 0x00000000f3a80000, 0x0000000100000000)
  eden space 107520K, 100% used [0x00000000eb100000,0x00000000f1a00000,0x00000000f1a00000)
  from space 5632K, 97% used [0x00000000f3500000,0x00000000f3a620a8,0x00000000f3a80000)
  to   space 7168K, 0% used [0x00000000f2c80000,0x00000000f2c80000,0x00000000f3380000)
 ParOldGen       total 29184K, used 5334K [0x00000000c1200000, 0x00000000c2e80000, 0x00000000eb100000)
  object space 29184K, 18% used [0x00000000c1200000,0x00000000c1735a18,0x00000000c2e80000)
 Metaspace       used 29404K, capacity 30548K, committed 30720K, reserved 1075200K
  class space    used 3822K, capacity 4073K, committed 4096K, reserved 1048576K
Event: 5.523 GC heap after
Heap after GC invocations=10 (full 1):
 PSYoungGen      total 133632K, used 7157K [0x00000000eb100000, 0x00000000f5380000, 0x0000000100000000)
  eden space 126464K, 0% used [0x00000000eb100000,0x00000000eb100000,0x00000000f2c80000)
  from space 7168K, 99% used [0x00000000f2c80000,0x00000000f337d410,0x00000000f3380000)
  to   space 9216K, 0% used [0x00000000f4a80000,0x00000000f4a80000,0x00000000f5380000)
 ParOldGen       total 29184K, used 7713K [0x00000000c1200000, 0x00000000c2e80000, 0x00000000eb100000)
  object space 29184K, 26% used [0x00000000c1200000,0x00000000c19887d8,0x00000000c2e80000)
 Metaspace       used 29404K, capacity 30548K, committed 30720K, reserved 1075200K
  class space    used 3822K, capacity 4073K, committed 4096K, reserved 1048576K
}
Event: 6.760 GC heap before
{Heap before GC invocations=11 (full 1):
 PSYoungGen      total 133632K, used 59566K [0x00000000eb100000, 0x00000000f5380000, 0x0000000100000000)
  eden space 126464K, 41% used [0x00000000eb100000,0x00000000ee42e560,0x00000000f2c80000)
  from space 7168K, 99% used [0x00000000f2c80000,0x00000000f337d410,0x00000000f3380000)
  to   space 9216K, 0% used [0x00000000f4a80000,0x00000000f4a80000,0x00000000f5380000)
 ParOldGen       total 29184K, used 7713K [0x00000000c1200000, 0x00000000c2e80000, 0x00000000eb100000)
  object space 29184K, 26% used [0x00000000c1200000,0x00000000c19887d8,0x00000000c2e80000)
 Metaspace       used 34102K, capacity 35372K, committed 35416K, reserved 1081344K
  class space    used 4341K, capacity 4605K, committed 4608K, reserved 1048576K
Event: 6.775 GC heap after
Heap after GC invocations=11 (full 1):
 PSYoungGen      total 155136K, used 9184K [0x00000000eb100000, 0x00000000f6f00000, 0x0000000100000000)
  eden space 145920K, 0% used [0x00000000eb100000,0x00000000eb100000,0x00000000f3f80000)
  from space 9216K, 99% used [0x00000000f4a80000,0x00000000f5378338,0x00000000f5380000)
  to   space 11264K, 0% used [0x00000000f3f80000,0x00000000f3f80000,0x00000000f4a80000)
 ParOldGen       total 29184K, used 10570K [0x00000000c1200000, 0x00000000c2e80000, 0x00000000eb100000)
  object space 29184K, 36% used [0x00000000c1200000,0x00000000c1c52ba0,0x00000000c2e80000)
 Metaspace       used 34102K, capacity 35372K, committed 35416K, reserved 1081344K
  class space    used 4341K, capacity 4605K, committed 4608K, reserved 1048576K
}
Event: 6.775 GC heap before
{Heap before GC invocations=12 (full 2):
 PSYoungGen      total 155136K, used 9184K [0x00000000eb100000, 0x00000000f6f00000, 0x0000000100000000)
  eden space 145920K, 0% used [0x00000000eb100000,0x00000000eb100000,0x00000000f3f80000)
  from space 9216K, 99% used [0x00000000f4a80000,0x00000000f5378338,0x00000000f5380000)
  to   space 11264K, 0% used [0x00000000f3f80000,0x00000000f3f80000,0x00000000f4a80000)
 ParOldGen       total 29184K, used 10570K [0x00000000c1200000, 0x00000000c2e80000, 0x00000000eb100000)
  object space 29184K, 36% used [0x00000000c1200000,0x00000000c1c52ba0,0x00000000c2e80000)
 Metaspace       used 34102K, capacity 35372K, committed 35416K, reserved 1081344K
  class space    used 4341K, capacity 4605K, committed 4608K, reserved 1048576K
Event: 6.864 GC heap after
Heap after GC invocations=12 (full 2):
 PSYoungGen      total 155136K, used 0K [0x00000000eb100000, 0x00000000f6f00000, 0x0000000100000000)
  eden space 145920K, 0% used [0x00000000eb100000,0x00000000eb100000,0x00000000f3f80000)
  from space 9216K, 0% used [0x00000000f4a80000,0x00000000f4a80000,0x00000000f5380000)
  to   space 11264K, 0% used [0x00000000f3f80000,0x00000000f3f80000,0x00000000f4a80000)
 ParOldGen       total 50688K, used 16376K [0x00000000c1200000, 0x00000000c4380000, 0x00000000eb100000)
  object space 50688K, 32% used [0x00000000c1200000,0x00000000c21fe328,0x00000000c4380000)
 Metaspace       used 34102K, capacity 35372K, committed 35416K, reserved 1081344K
  class space    used 4341K, capacity 4605K, committed 4608K, reserved 1048576K
}

